Arguments: 
  /Users/daanroelofs/.nvm/versions/node/v14.15.4/bin/node /opt/homebrew/Cellar/yarn/1.22.10/libexec/bin/yarn.js init

PATH: 
  ./bin:./node_modules/.bin:/Users/daanroelofs/.pyenv/bin:/Users/daanroelofs/.rbenv/shims:/Users/daanroelofs/.rbenv/bin:/Users/daanroelofs/.nvm/versions/node/v14.15.4/bin:/opt/homebrew/bin:/usr/local/bin:/usr/bin:/bin:/usr/sbin:/sbin:/Applications/Postgres.app/Contents/Versions/latest/bin:/usr/local/sbin

Yarn version: 
  1.22.10

Node version: 
  14.15.4

Platform: 
  darwin x64

Trace: 
  Error: canceled
      at Interface.<anonymous> (/opt/homebrew/Cellar/yarn/1.22.10/libexec/lib/cli.js:137009:13)
      at Interface.emit (events.js:315:20)
      at Interface._ttyWrite (readline.js:875:16)
      at ReadStream.onkeypress (readline.js:213:10)
      at ReadStream.emit (events.js:315:20)
      at emitKeys (internal/readline/utils.js:345:14)
      at emitKeys.next (<anonymous>)
      at ReadStream.onData (readline.js:1144:36)
      at ReadStream.emit (events.js:315:20)
      at addChunk (internal/streams/readable.js:309:12)

npm manifest: 
  No manifest

yarn manifest: 
  No manifest

Lockfile: 
  No lockfile
